  Compiling CUDA source file dilatacion.cu...
  
  D:\proyectos ac\protecto cuda dilatacion\protecto cuda dilatacion>"C:\Program Files\NVIDIA GPU Computing Toolkit\CUDA\v8.0\bin\nvcc.exe" -gencode=arch=compute_20,code=\"sm_20,compute_20\" --use-local-env --cl-version 2015 -ccbin "C:\Program Files (x86)\Microsoft Visual Studio 14.0\VC\bin"  -I"C:\Program Files\NVIDIA GPU Computing Toolkit\CUDA\v8.0\include" -I"C:\Program Files\NVIDIA GPU Computing Toolkit\CUDA\v8.0\include"  -G   --keep-dir Debug -maxrregcount=0  --machine 32 --compile -cudart static  -g   -DWIN32 -D_DEBUG -D_CONSOLE -D_MBCS -Xcompiler "/EHsc /W3 /nologo /Od /FS /Zi /RTC1 /MDd " -o Debug\dilatacion.cu.obj "D:\proyectos ac\protecto cuda dilatacion\protecto cuda dilatacion\dilatacion.cu" 
D:/proyectos ac/protecto cuda dilatacion/protecto cuda dilatacion/dilatacion.cu(80): warning : variable "i" was declared but never referenced
D:/proyectos ac/protecto cuda dilatacion/protecto cuda dilatacion/dilatacion.cu(87): warning : variable "d_edge" was declared but never referenced
D:/proyectos ac/protecto cuda dilatacion/protecto cuda dilatacion/dilatacion.cu(87): warning : variable "tmp" was declared but never referenced
D:/proyectos ac/protecto cuda dilatacion/protecto cuda dilatacion/dilatacion.cu(91): warning : variable "rows" was declared but never referenced
D:/proyectos ac/protecto cuda dilatacion/protecto cuda dilatacion/dilatacion.cu(92): warning : variable "cols" was declared but never referenced
D:/proyectos ac/protecto cuda dilatacion/protecto cuda dilatacion/dilatacion.cu(175): warning : variable "temp" was declared but never referenced
D:/proyectos ac/protecto cuda dilatacion/protecto cuda dilatacion/dilatacion.cu(176): warning : variable "numcols" was declared but never referenced
D:/proyectos ac/protecto cuda dilatacion/protecto cuda dilatacion/dilatacion.cu(80): warning : variable "i" was declared but never referenced
D:/proyectos ac/protecto cuda dilatacion/protecto cuda dilatacion/dilatacion.cu(87): warning : variable "d_edge" was declared but never referenced
D:/proyectos ac/protecto cuda dilatacion/protecto cuda dilatacion/dilatacion.cu(87): warning : variable "tmp" was declared but never referenced
D:/proyectos ac/protecto cuda dilatacion/protecto cuda dilatacion/dilatacion.cu(91): warning : variable "rows" was declared but never referenced
D:/proyectos ac/protecto cuda dilatacion/protecto cuda dilatacion/dilatacion.cu(92): warning : variable "cols" was declared but never referenced
D:/proyectos ac/protecto cuda dilatacion/protecto cuda dilatacion/dilatacion.cu(175): warning : variable "temp" was declared but never referenced
D:/proyectos ac/protecto cuda dilatacion/protecto cuda dilatacion/dilatacion.cu(176): warning : variable "numcols" was declared but never referenced
CUDACOMPILE : nvcc warning : The 'compute_20', 'sm_20', and 'sm_21' architectures are deprecated, and may be removed in a future release (Use -Wno-deprecated-gpu-targets to suppress warning).
  dilatacion.cu
D:/proyectos ac/protecto cuda dilatacion/protecto cuda dilatacion/dilatacion.cu(87): warning C4101: 'tmp': variable local sin referencia
D:/proyectos ac/protecto cuda dilatacion/protecto cuda dilatacion/dilatacion.cu(91): warning C4101: 'rows': variable local sin referencia
D:/proyectos ac/protecto cuda dilatacion/protecto cuda dilatacion/dilatacion.cu(92): warning C4101: 'cols': variable local sin referencia
D:/proyectos ac/protecto cuda dilatacion/protecto cuda dilatacion/dilatacion.cu(80): warning C4101: 'i': variable local sin referencia
D:/proyectos ac/protecto cuda dilatacion/protecto cuda dilatacion/dilatacion.cu(87): warning C4101: 'd_edge': variable local sin referencia
D:/proyectos ac/protecto cuda dilatacion/protecto cuda dilatacion/dilatacion.cu(175): warning C4101: 'temp': variable local sin referencia
  EasyBMP.cpp
d:\proyectos ac\protecto cuda dilatacion\protecto cuda dilatacion\easybmp.cpp(994): warning C4101: 'ZeroWORD': variable local sin referencia
  protecto cuda dilatacion.vcxproj -> D:\proyectos ac\protecto cuda dilatacion\Debug\protecto cuda dilatacion.exe
  protecto cuda dilatacion.vcxproj -> D:\proyectos ac\protecto cuda dilatacion\Debug\protecto cuda dilatacion.pdb (Full PDB)
  copy "C:\Program Files\NVIDIA GPU Computing Toolkit\CUDA\v8.0\bin\cudart*.dll" "D:\proyectos ac\protecto cuda dilatacion\Debug\"
  C:\Program Files\NVIDIA GPU Computing Toolkit\CUDA\v8.0\bin\cudart32_80.dll
  C:\Program Files\NVIDIA GPU Computing Toolkit\CUDA\v8.0\bin\cudart64_80.dll
          2 archivo(s) copiado(s).
